<?xml version="1.0" encoding="UTF-8"?>
<!-- Generated by org.testng.reporters.JUnitReportReporter -->
<testsuite hostname="wipro-PC" name="dec15.MergeLeaduserSeMethod" tests="1" failures="0" timestamp="1 Jan 2020 09:51:03 GMT" time="68.272" errors="0">
  <testcase name="main" time="68.272" classname="dec15.MergeLeaduserSeMethod"/>
</testsuite> <!-- dec15.MergeLeaduserSeMethod -->
