<?xml version="1.0" encoding="UTF-8"?>
<!-- Generated by org.testng.reporters.JUnitReportReporter -->
<testsuite hostname="wipro-PC" name="jan1.CreateEditLead" tests="1" failures="0" timestamp="5 Jan 2020 16:36:49 GMT" time="160.380" errors="0">
  <testcase name="createLead" time="160.380" classname="jan1.CreateEditLead"/>
</testsuite> <!-- jan1.CreateEditLead -->
