<?xml version="1.0" encoding="UTF-8"?>
<!-- Generated by org.testng.reporters.JUnitReportReporter -->
<testsuite hostname="wipro-PC" name="aug04.Test1" tests="1" failures="0" timestamp="20 Aug 2019 17:22:58 GMT" time="188.823" errors="0">
  <testcase name="main" time="188.823" classname="aug04.Test1"/>
</testsuite> <!-- aug04.Test1 -->
