<?xml version="1.0" encoding="UTF-8"?>
<!-- Generated by org.testng.reporters.JUnitReportReporter -->
<testsuite hostname="wipro-PC" name="july26.Review1" tests="1" failures="0" timestamp="2 Aug 2019 17:27:29 GMT" time="115.397" errors="0">
  <testcase name="main" time="115.397" classname="july26.Review1"/>
</testsuite> <!-- july26.Review1 -->
